<?xml version="1.0" encoding="UTF-8"?>
<!-- Generated by org.testng.reporters.JUnitReportReporter -->
<testsuite skipped="0" hostname="joy-PC" name="com.baidu.two.BaiduDemoFour.NewTest" tests="1" failures="0" timestamp="10 十月 2017 08:37:32 GMT" time="7.221" errors="0">
  <testcase name="f" time="7.221" classname="com.baidu.two.BaiduDemoFour.NewTest"/>
</testsuite> <!-- com.baidu.two.BaiduDemoFour.NewTest -->
