<?xml version="1.0" encoding="UTF-8"?>
<!-- Generated by org.testng.reporters.JUnitReportReporter -->
<testsuite skipped="0" hostname="joy-PC" name="com.baidu.two.BaiduDemoFour.main.NewTest" tests="1" failures="0" timestamp="06 二月 2018 08:43:40 GMT" time="8.845" errors="0">
  <testcase name="f" time="8.845" classname="com.baidu.two.BaiduDemoFour.main.NewTest"/>
</testsuite> <!-- com.baidu.two.BaiduDemoFour.main.NewTest -->
